<?xml version="1.0" encoding="UTF-8"?>
<!-- Generated by org.testng.reporters.JUnitReportReporter -->
<testsuite hostname="W358380Q9F0B" name="TestNG.GroupTest" tests="5" failures="0" timestamp="19 Oct 2018 18:02:06 GMT" time="0.025" errors="0">
  <testcase name="doRegister" time="0.013" classname="TestNG.GroupTest"/>
  <testcase name="dosignout" time="0.002" classname="TestNG.GroupTest"/>
  <testcase name="four" time="0.002" classname="TestNG.GroupTest"/>
  <testcase name="login" time="0.003" classname="TestNG.GroupTest"/>
  <testcase name="five" time="0.005" classname="TestNG.GroupTest"/>
</testsuite> <!-- TestNG.GroupTest -->
