<?xml version="1.0" encoding="UTF-8"?>
<!-- Generated by org.testng.reporters.JUnitReportReporter -->
<testsuite hostname="W305838K11A7Y" name="Appium.AppiumTest" tests="1" failures="1" timestamp="27 May 2018 11:21:20 GMT" time="9.119" errors="0">
  <testcase name="testApp" time="9.119" classname="Appium.AppiumTest">
    <failure type="org.openqa.selenium.InvalidSelectorException" message="Locator Strategy &#039;name&#039; is not supported for this session (WARNING: The server did not provide any stacktrace information)
Command duration or timeout: 188 milliseconds
For documentation on this error, please visit: http://seleniumhq.org/exceptions/invalid_selector_exception.html
Build info: version: &#039;2.42.2&#039;, revision: &#039;6a6995d&#039;, time: &#039;2014-06-03 17:42:03&#039;
System info: host: &#039;W305838K11A7Y&#039;, ip: &#039;192.168.187.2&#039;, os.name: &#039;Windows 10&#039;, os.arch: &#039;amd64&#039;, os.version: &#039;10.0&#039;, java.version: &#039;1.8.0_131&#039;
Driver info: org.openqa.selenium.remote.RemoteWebDriver
Capabilities [{appPackage=com.vaultize.mobility, deviceName=ZY223DBDTR, platform=LINUX, deviceUDID=ZY223DBDTR, desired={app=C:\Users\Deepesh.Yadav\Documents\vaultdoc\Documents\shell\Appium\apk\vaultize-android-app-release.apk, browserName=, app-package=com.vaultize.mobility, app-activity=com.vaultize.mobility.view.LoginScreen, platformName=Android, device=Android, version=7.0, deviceName=ZY223DBDTR}, platformVersion=7.0, webStorageEnabled=false, takesScreenshot=true, browserName=, javascriptEnabled=true, platformName=Android, deviceManufacturer=motorola, app=C:\Users\Deepesh.Yadav\Documents\vaultdoc\Documents\shell\Appium\apk\vaultize-android-app-release.apk, deviceScreenSize=1080x1920, networkConnectionEnabled=true, warnings={}, appWaitPackage=com.vaultize.mobility, appWaitActivity=com.vaultize.mobility.view.SplashScreen, app-package=com.vaultize.mobility, app-activity=com.vaultize.mobility.view.LoginScreen, databaseEnabled=false, version=7.0, appActivity=com.vaultize.mobility.view.SplashScreen, locationContextEnabled=false, deviceModel=Moto G (4), device=Android}]
Session ID: 1037d6c4-3183-4ef4-9d45-999a79943570">
      <![CDATA[org.openqa.selenium.InvalidSelectorException: Locator Strategy 'name' is not supported for this session (WARNING: The server did not provide any stacktrace information)
Command duration or timeout: 188 milliseconds
For documentation on this error, please visit: http://seleniumhq.org/exceptions/invalid_selector_exception.html
Build info: version: '2.42.2', revision: '6a6995d', time: '2014-06-03 17:42:03'
System info: host: 'W305838K11A7Y', ip: '192.168.187.2', os.name: 'Windows 10', os.arch: 'amd64', os.version: '10.0', java.version: '1.8.0_131'
Driver info: org.openqa.selenium.remote.RemoteWebDriver
Capabilities [{appPackage=com.vaultize.mobility, deviceName=ZY223DBDTR, platform=LINUX, deviceUDID=ZY223DBDTR, desired={app=C:\Users\Deepesh.Yadav\Documents\vaultdoc\Documents\shell\Appium\apk\vaultize-android-app-release.apk, browserName=, app-package=com.vaultize.mobility, app-activity=com.vaultize.mobility.view.LoginScreen, platformName=Android, device=Android, version=7.0, deviceName=ZY223DBDTR}, platformVersion=7.0, webStorageEnabled=false, takesScreenshot=true, browserName=, javascriptEnabled=true, platformName=Android, deviceManufacturer=motorola, app=C:\Users\Deepesh.Yadav\Documents\vaultdoc\Documents\shell\Appium\apk\vaultize-android-app-release.apk, deviceScreenSize=1080x1920, networkConnectionEnabled=true, warnings={}, appWaitPackage=com.vaultize.mobility, appWaitActivity=com.vaultize.mobility.view.SplashScreen, app-package=com.vaultize.mobility, app-activity=com.vaultize.mobility.view.LoginScreen, databaseEnabled=false, version=7.0, appActivity=com.vaultize.mobility.view.SplashScreen, locationContextEnabled=false, deviceModel=Moto G (4), device=Android}]
Session ID: 1037d6c4-3183-4ef4-9d45-999a79943570
	at sun.reflect.NativeConstructorAccessorImpl.newInstance0(Native Method)
	at sun.reflect.NativeConstructorAccessorImpl.newInstance(Unknown Source)
	at sun.reflect.DelegatingConstructorAccessorImpl.newInstance(Unknown Source)
	at java.lang.reflect.Constructor.newInstance(Unknown Source)
	at org.openqa.selenium.remote.ErrorHandler.createThrowable(ErrorHandler.java:204)
	at org.openqa.selenium.remote.ErrorHandler.throwIfResponseFailed(ErrorHandler.java:156)
	at org.openqa.selenium.remote.RemoteWebDriver.execute(RemoteWebDriver.java:599)
	at org.openqa.selenium.remote.RemoteWebDriver.findElement(RemoteWebDriver.java:352)
	at org.openqa.selenium.remote.RemoteWebDriver.findElementByName(RemoteWebDriver.java:425)
	at org.openqa.selenium.By$ByName.findElement(By.java:299)
	at org.openqa.selenium.remote.RemoteWebDriver.findElement(RemoteWebDriver.java:344)
	at Appium.AppiumTest.testApp(AppiumTest.java:63)
	at sun.reflect.NativeMethodAccessorImpl.invoke0(Native Method)
	at sun.reflect.NativeMethodAccessorImpl.invoke(Unknown Source)
	at sun.reflect.DelegatingMethodAccessorImpl.invoke(Unknown Source)
	at java.lang.reflect.Method.invoke(Unknown Source)
	at org.testng.internal.MethodInvocationHelper.invokeMethod(MethodInvocationHelper.java:84)
	at org.testng.internal.Invoker.invokeMethod(Invoker.java:714)
	at org.testng.internal.Invoker.invokeTestMethod(Invoker.java:901)
	at org.testng.internal.Invoker.invokeTestMethods(Invoker.java:1231)
	at org.testng.internal.TestMethodWorker.invokeTestMethods(TestMethodWorker.java:127)
	at org.testng.internal.TestMethodWorker.run(TestMethodWorker.java:111)
	at org.testng.TestRunner.privateRun(TestRunner.java:767)
	at org.testng.TestRunner.run(TestRunner.java:617)
	at org.testng.SuiteRunner.runTest(SuiteRunner.java:334)
	at org.testng.SuiteRunner.runSequentially(SuiteRunner.java:329)
	at org.testng.SuiteRunner.privateRun(SuiteRunner.java:291)
	at org.testng.SuiteRunner.run(SuiteRunner.java:240)
	at org.testng.SuiteRunnerWorker.runSuite(SuiteRunnerWorker.java:52)
	at org.testng.SuiteRunnerWorker.run(SuiteRunnerWorker.java:86)
	at org.testng.TestNG.runSuitesSequentially(TestNG.java:1224)
	at org.testng.TestNG.runSuitesLocally(TestNG.java:1149)
	at org.testng.TestNG.run(TestNG.java:1057)
	at org.testng.remote.AbstractRemoteTestNG.run(AbstractRemoteTestNG.java:114)
	at org.testng.remote.RemoteTestNG.initAndRun(RemoteTestNG.java:251)
	at org.testng.remote.RemoteTestNG.main(RemoteTestNG.java:77)
]]>
    </failure>
  </testcase> <!-- testApp -->
</testsuite> <!-- Appium.AppiumTest -->
