<?xml version="1.0" encoding="UTF-8"?>
<!-- Generated by org.testng.reporters.JUnitReportReporter -->
<testsuite hostname="W305838K11A7Y" name="TestNG.ApplicationTest" tests="3" failures="0" timestamp="3 Apr 2018 02:41:15 GMT" time="0.021" errors="0">
  <testcase name="homeTest" time="0.005" classname="TestNG.ApplicationTest"/>
  <testcase name="logoutTest" time="0.004" classname="TestNG.ApplicationTest"/>
  <testcase name="loginTest" time="0.012" classname="TestNG.ApplicationTest"/>
</testsuite> <!-- TestNG.ApplicationTest -->
