<?xml version="1.0" encoding="UTF-8"?>
<!-- Generated by org.testng.reporters.JUnitReportReporter -->
<testsuite hostname="W358380Q9F0B" name="TestNG.AnnotationTestNG" tests="3" failures="0" timestamp="29 Oct 2018 02:49:44 GMT" time="0.024" errors="0">
  <testcase name="homeTest" time="0.010" classname="TestNG.AnnotationTestNG"/>
  <testcase name="logoutTest" time="0.006" classname="TestNG.AnnotationTestNG"/>
  <testcase name="AloginTest" time="0.008" classname="TestNG.AnnotationTestNG"/>
</testsuite> <!-- TestNG.AnnotationTestNG -->
