<?xml version="1.0" encoding="UTF-8"?>
<!-- Generated by org.testng.reporters.JUnitReportReporter -->
<testsuite hostname="W358380Q9F0B" name="TestNG.xmlperameter" tests="1" failures="0" timestamp="18 Oct 2018 03:46:32 GMT" time="0.012" errors="0">
  <testcase name="xmlgetperameter" time="0.012" classname="TestNG.xmlperameter"/>
</testsuite> <!-- TestNG.xmlperameter -->
