<?xml version="1.0" encoding="UTF-8"?>
<!-- Generated by org.testng.reporters.JUnitReportReporter -->
<testsuite hostname="W358380Q9F0B" name="ReadPropertyFile.PropertyFileTest" tests="1" failures="0" timestamp="19 Oct 2018 04:47:22 GMT" time="8.328" errors="0">
  <testcase name="login" time="8.328" classname="ReadPropertyFile.PropertyFileTest"/>
</testsuite> <!-- ReadPropertyFile.PropertyFileTest -->
