<?xml version="1.0" encoding="UTF-8"?>
<!-- Generated by org.testng.reporters.JUnitReportReporter -->
<testsuite hostname="W358380Q9F0B" name="GridTest.GridTest2" tests="1" failures="0" timestamp="20 Oct 2018 12:01:23 GMT" time="13.421" errors="0">
  <testcase name="sampleTest" time="13.421" classname="GridTest.GridTest2"/>
</testsuite> <!-- GridTest.GridTest2 -->
