<?xml version="1.0" encoding="UTF-8"?>
<!-- Generated by org.testng.reporters.JUnitReportReporter -->
<testsuite hostname="W305838K11A7Y" name="TestNG.TestNGClass" tests="2" failures="0" timestamp="3 Jul 2018 03:53:31 GMT" time="21.778" errors="0">
  <testcase name="secondtest" time="9.485" classname="TestNG.TestNGClass"/>
  <testcase name="printlink" time="12.293" classname="TestNG.TestNGClass"/>
</testsuite> <!-- TestNG.TestNGClass -->
