<?xml version="1.0" encoding="UTF-8"?>
<!-- Generated by org.testng.reporters.JUnitReportReporter -->
<testsuite hostname="W358380Q9F0B" name="ParallelTest.TestA" tests="1" failures="0" timestamp="18 Oct 2018 04:43:42 GMT" time="2.011" errors="0">
  <testcase name="TestAMethod" time="2.011" classname="ParallelTest.TestA"/>
</testsuite> <!-- ParallelTest.TestA -->
