<?xml version="1.0" encoding="UTF-8"?>
<!-- Generated by org.testng.reporters.JUnitReportReporter -->
<testsuite hostname="W358380Q9F0B" name="TestNG.DataproviderParallel" tests="3" failures="0" timestamp="19 Oct 2018 03:34:01 GMT" time="15.022" errors="0">
  <testcase name="loginTest" time="5.006" classname="TestNG.DataproviderParallel"/>
  <testcase name="loginTest" time="5.012" classname="TestNG.DataproviderParallel"/>
  <testcase name="loginTest" time="5.004" classname="TestNG.DataproviderParallel"/>
</testsuite> <!-- TestNG.DataproviderParallel -->
