<?xml version="1.0" encoding="UTF-8"?>
<!-- Generated by org.testng.reporters.JUnitReportReporter -->
<testsuite hostname="W358380Q9F0B" name="antpkg.TestA" tests="2" failures="0" timestamp="18 Oct 2018 03:35:54 GMT" time="0.007" errors="0">
  <testcase name="testOne" time="0.005" classname="antpkg.TestA"/>
  <testcase name="testTwo" time="0.002" classname="antpkg.TestA"/>
</testsuite> <!-- antpkg.TestA -->
