<?xml version="1.0" encoding="UTF-8"?>
<!-- Generated by org.testng.reporters.JUnitReportReporter -->
<testsuite hostname="W305838K11A7Y" name="TestNG.PerameterClass" tests="3" failures="0" timestamp="4 Jul 2018 04:22:27 GMT" time="0.031" errors="0">
  <testcase name="loginTest" time="0.000" classname="TestNG.PerameterClass"/>
  <testcase name="loginTest" time="0.015" classname="TestNG.PerameterClass"/>
  <testcase name="loginTest" time="0.016" classname="TestNG.PerameterClass"/>
</testsuite> <!-- TestNG.PerameterClass -->
