<?xml version="1.0" encoding="UTF-8"?>
<!-- Generated by org.testng.reporters.JUnitReportReporter -->
<testsuite hostname="W358380Q9F0B" name="TestNG.DisableEnableTest" tests="2" failures="0" timestamp="16 Oct 2018 04:17:48 GMT" time="0.014" errors="0">
  <testcase name="car" time="0.012" classname="TestNG.DisableEnableTest"/>
  <testcase name="hotel" time="0.002" classname="TestNG.DisableEnableTest"/>
</testsuite> <!-- TestNG.DisableEnableTest -->
