<?xml version="1.0" encoding="UTF-8"?>
<!-- Generated by org.testng.reporters.JUnitReportReporter -->
<testsuite hostname="W305838K11A7Y" name="Javascript.JavaSE_Test" tests="1" failures="0" timestamp="26 May 2018 06:14:56 GMT" time="56.211" errors="0">
  <testcase name="Login" time="56.211" classname="Javascript.JavaSE_Test"/>
</testsuite> <!-- Javascript.JavaSE_Test -->
