<?xml version="1.0" encoding="UTF-8"?>
<!-- Generated by org.testng.reporters.JUnitReportReporter -->
<testsuite hostname="W305838K11A7Y" name="GridTest.GridTest1$SeleniumGrid" tests="1" failures="0" timestamp="9 Apr 2018 16:16:21 GMT" time="60.239" errors="0">
  <testcase name="sampleTest" time="60.239" classname="GridTest.GridTest1$SeleniumGrid"/>
</testsuite> <!-- GridTest.GridTest1$SeleniumGrid -->
