<?xml version="1.0" encoding="UTF-8"?>
<!-- Generated by org.testng.reporters.JUnitReportReporter -->
<testsuite hostname="W305838K11A7Y" name="TestNG.TestNGClass2" tests="2" failures="0" timestamp="3 Jul 2018 03:52:48 GMT" time="10.849" errors="0">
  <testcase name="secondtest" time="2.943" classname="TestNG.TestNGClass2"/>
  <testcase name="printlink" time="7.906" classname="TestNG.TestNGClass2"/>
</testsuite> <!-- TestNG.TestNGClass2 -->
